<?xml version="1.0" encoding="UTF-8"?>
<!-- Generated by org.testng.reporters.JUnitReportReporter -->
<testsuite hostname="DESKTOP-SBLFK3K" failures="0" tests="3" name="com.comcast.crm.basetest.orgTest" time="65.567" errors="0" timestamp="2024-05-20T16:22:20 IST" skipped="0">
  <testcase classname="com.comcast.crm.basetest.orgTest" name="createOrgTest" time="18.255"/>
  <testcase classname="com.comcast.crm.basetest.orgTest" name="CrOrgWithInduTest" time="23.364"/>
  <testcase classname="com.comcast.crm.basetest.orgTest" name="phonenumbertest" time="23.948"/>
</testsuite> <!-- com.comcast.crm.basetest.orgTest -->
