<?xml version="1.0" encoding="UTF-8"?>
<!-- Generated by org.testng.reporters.JUnitReportReporter -->
<testsuite hostname="DESKTOP-SBLFK3K" failures="0" tests="3" name="com.comcast.crm.basetest.contactTest" time="75.858" errors="0" timestamp="2024-05-20T16:20:04 IST" skipped="0">
  <testcase classname="com.comcast.crm.basetest.contactTest" name="createcontactWithSupportDateTest" time="22.045"/>
  <testcase classname="com.comcast.crm.basetest.contactTest" name="createContactTest" time="22.113"/>
  <testcase classname="com.comcast.crm.basetest.contactTest" name="createContactWithOrgTest" time="31.700"/>
</testsuite> <!-- com.comcast.crm.basetest.contactTest -->
